{"/Users/walid/Documents/SQLApi/back/configbdd/db.js": {"path":"/Users/walid/Documents/SQLApi/back/configbdd/db.js","statementMap":{"0":{"start":{"line":1,"column":22},"end":{"line":1,"column":42}},"1":{"start":{"line":2,"column":0},"end":{"line":2,"column":46}},"2":{"start":{"line":4,"column":18},"end":{"line":8,"column":2}},"3":{"start":{"line":12,"column":0},"end":{"line":12,"column":27}}},"fnMap":{},"branchMap":{},"s":{"0":6,"1":6,"2":6,"3":6},"f":{},"b":{},"_coverageSchema":"1a1c01bbd47fc00a2c39e90264f33305004495a9","hash":"20c3863b5cf5f5073aa94a41adc8d334adb49ced"}
,"/Users/walid/Documents/SQLApi/back/controllers/comment.controller.js": {"path":"/Users/walid/Documents/SQLApi/back/controllers/comment.controller.js","statementMap":{"0":{"start":{"line":1,"column":16},"end":{"line":1,"column":51}},"1":{"start":{"line":2,"column":14},"end":{"line":2,"column":46}},"2":{"start":{"line":3,"column":13},"end":{"line":3,"column":45}},"3":{"start":{"line":5,"column":0},"end":{"line":31,"column":2}},"4":{"start":{"line":6,"column":2},"end":{"line":30,"column":3}},"5":{"start":{"line":7,"column":24},"end":{"line":7,"column":32}},"6":{"start":{"line":8,"column":19},"end":{"line":8,"column":36}},"7":{"start":{"line":9,"column":19},"end":{"line":9,"column":34}},"8":{"start":{"line":12,"column":17},"end":{"line":12,"column":44}},"9":{"start":{"line":13,"column":4},"end":{"line":15,"column":5}},"10":{"start":{"line":14,"column":6},"end":{"line":14,"column":64}},"11":{"start":{"line":18,"column":23},"end":{"line":22,"column":6}},"12":{"start":{"line":25,"column":4},"end":{"line":25,"column":99}},"13":{"start":{"line":28,"column":4},"end":{"line":28,"column":67}},"14":{"start":{"line":29,"column":4},"end":{"line":29,"column":80}},"15":{"start":{"line":33,"column":0},"end":{"line":89,"column":2}},"16":{"start":{"line":34,"column":2},"end":{"line":88,"column":3}},"17":{"start":{"line":36,"column":21},"end":{"line":47,"column":6}},"18":{"start":{"line":50,"column":28},"end":{"line":77,"column":10}},"19":{"start":{"line":52,"column":21},"end":{"line":52,"column":41}},"20":{"start":{"line":55,"column":6},"end":{"line":63,"column":7}},"21":{"start":{"line":56,"column":8},"end":{"line":62,"column":10}},"22":{"start":{"line":66,"column":6},"end":{"line":74,"column":9}},"23":{"start":{"line":76,"column":6},"end":{"line":76,"column":17}},"24":{"start":{"line":80,"column":19},"end":{"line":80,"column":49}},"25":{"start":{"line":83,"column":4},"end":{"line":83,"column":33}},"26":{"start":{"line":86,"column":4},"end":{"line":86,"column":78}},"27":{"start":{"line":87,"column":4},"end":{"line":87,"column":87}},"28":{"start":{"line":91,"column":0},"end":{"line":128,"column":1}},"29":{"start":{"line":93,"column":22},"end":{"line":93,"column":32}},"30":{"start":{"line":95,"column":2},"end":{"line":127,"column":3}},"31":{"start":{"line":97,"column":22},"end":{"line":114,"column":8}},"32":{"start":{"line":117,"column":6},"end":{"line":119,"column":7}},"33":{"start":{"line":118,"column":8},"end":{"line":118,"column":72}},"34":{"start":{"line":122,"column":6},"end":{"line":122,"column":36}},"35":{"start":{"line":125,"column":4},"end":{"line":125,"column":75}},"36":{"start":{"line":126,"column":4},"end":{"line":126,"column":83}},"37":{"start":{"line":130,"column":0},"end":{"line":184,"column":2}},"38":{"start":{"line":131,"column":2},"end":{"line":183,"column":3}},"39":{"start":{"line":132,"column":24},"end":{"line":132,"column":32}},"40":{"start":{"line":133,"column":26},"end":{"line":133,"column":36}},"41":{"start":{"line":134,"column":19},"end":{"line":134,"column":34}},"42":{"start":{"line":137,"column":20},"end":{"line":140,"column":6}},"43":{"start":{"line":143,"column":4},"end":{"line":145,"column":5}},"44":{"start":{"line":144,"column":6},"end":{"line":144,"column":73}},"45":{"start":{"line":148,"column":20},"end":{"line":148,"column":52}},"46":{"start":{"line":149,"column":21},"end":{"line":149,"column":47}},"47":{"start":{"line":151,"column":4},"end":{"line":155,"column":5}},"48":{"start":{"line":152,"column":6},"end":{"line":154,"column":9}},"49":{"start":{"line":158,"column":4},"end":{"line":162,"column":5}},"50":{"start":{"line":159,"column":6},"end":{"line":161,"column":9}},"51":{"start":{"line":165,"column":4},"end":{"line":168,"column":7}},"52":{"start":{"line":170,"column":4},"end":{"line":177,"column":7}},"53":{"start":{"line":179,"column":4},"end":{"line":179,"column":75}},"54":{"start":{"line":180,"column":4},"end":{"line":182,"column":7}},"55":{"start":{"line":186,"column":0},"end":{"line":219,"column":2}},"56":{"start":{"line":187,"column":2},"end":{"line":218,"column":3}},"57":{"start":{"line":188,"column":28},"end":{"line":188,"column":38}},"58":{"start":{"line":189,"column":21},"end":{"line":189,"column":36}},"59":{"start":{"line":190,"column":24},"end":{"line":190,"column":38}},"60":{"start":{"line":193,"column":22},"end":{"line":196,"column":8}},"61":{"start":{"line":198,"column":6},"end":{"line":200,"column":7}},"62":{"start":{"line":199,"column":10},"end":{"line":199,"column":76}},"63":{"start":{"line":203,"column":22},"end":{"line":203,"column":49}},"64":{"start":{"line":204,"column":30},"end":{"line":204,"column":56}},"65":{"start":{"line":206,"column":6},"end":{"line":210,"column":7}},"66":{"start":{"line":207,"column":10},"end":{"line":209,"column":13}},"67":{"start":{"line":212,"column":6},"end":{"line":212,"column":30}},"68":{"start":{"line":213,"column":6},"end":{"line":213,"column":77}},"69":{"start":{"line":216,"column":6},"end":{"line":216,"column":77}},"70":{"start":{"line":217,"column":6},"end":{"line":217,"column":80}}},"fnMap":{"0":{"name":"(anonymous_0)","decl":{"start":{"line":5,"column":24},"end":{"line":5,"column":25}},"loc":{"start":{"line":5,"column":44},"end":{"line":31,"column":1}},"line":5},"1":{"name":"(anonymous_1)","decl":{"start":{"line":33,"column":25},"end":{"line":33,"column":26}},"loc":{"start":{"line":33,"column":45},"end":{"line":89,"column":1}},"line":33},"2":{"name":"(anonymous_2)","decl":{"start":{"line":50,"column":44},"end":{"line":50,"column":45}},"loc":{"start":{"line":50,"column":62},"end":{"line":77,"column":5}},"line":50},"3":{"name":"(anonymous_3)","decl":{"start":{"line":91,"column":25},"end":{"line":91,"column":26}},"loc":{"start":{"line":91,"column":44},"end":{"line":128,"column":1}},"line":91},"4":{"name":"(anonymous_4)","decl":{"start":{"line":130,"column":24},"end":{"line":130,"column":25}},"loc":{"start":{"line":130,"column":44},"end":{"line":184,"column":1}},"line":130},"5":{"name":"(anonymous_5)","decl":{"start":{"line":186,"column":24},"end":{"line":186,"column":25}},"loc":{"start":{"line":186,"column":44},"end":{"line":219,"column":1}},"line":186}},"branchMap":{"0":{"loc":{"start":{"line":13,"column":4},"end":{"line":15,"column":5}},"type":"if","locations":[{"start":{"line":13,"column":4},"end":{"line":15,"column":5}},{"start":{},"end":{}}],"line":13},"1":{"loc":{"start":{"line":55,"column":6},"end":{"line":63,"column":7}},"type":"if","locations":[{"start":{"line":55,"column":6},"end":{"line":63,"column":7}},{"start":{},"end":{}}],"line":55},"2":{"loc":{"start":{"line":117,"column":6},"end":{"line":119,"column":7}},"type":"if","locations":[{"start":{"line":117,"column":6},"end":{"line":119,"column":7}},{"start":{},"end":{}}],"line":117},"3":{"loc":{"start":{"line":143,"column":4},"end":{"line":145,"column":5}},"type":"if","locations":[{"start":{"line":143,"column":4},"end":{"line":145,"column":5}},{"start":{},"end":{}}],"line":143},"4":{"loc":{"start":{"line":151,"column":4},"end":{"line":155,"column":5}},"type":"if","locations":[{"start":{"line":151,"column":4},"end":{"line":155,"column":5}},{"start":{},"end":{}}],"line":151},"5":{"loc":{"start":{"line":151,"column":8},"end":{"line":151,"column":29}},"type":"binary-expr","locations":[{"start":{"line":151,"column":8},"end":{"line":151,"column":16}},{"start":{"line":151,"column":20},"end":{"line":151,"column":29}}],"line":151},"6":{"loc":{"start":{"line":158,"column":4},"end":{"line":162,"column":5}},"type":"if","locations":[{"start":{"line":158,"column":4},"end":{"line":162,"column":5}},{"start":{},"end":{}}],"line":158},"7":{"loc":{"start":{"line":158,"column":8},"end":{"line":158,"column":47}},"type":"binary-expr","locations":[{"start":{"line":158,"column":8},"end":{"line":158,"column":16}},{"start":{"line":158,"column":20},"end":{"line":158,"column":47}}],"line":158},"8":{"loc":{"start":{"line":198,"column":6},"end":{"line":200,"column":7}},"type":"if","locations":[{"start":{"line":198,"column":6},"end":{"line":200,"column":7}},{"start":{},"end":{}}],"line":198},"9":{"loc":{"start":{"line":206,"column":6},"end":{"line":210,"column":7}},"type":"if","locations":[{"start":{"line":206,"column":6},"end":{"line":210,"column":7}},{"start":{},"end":{}}],"line":206},"10":{"loc":{"start":{"line":206,"column":10},"end":{"line":206,"column":38}},"type":"binary-expr","locations":[{"start":{"line":206,"column":10},"end":{"line":206,"column":18}},{"start":{"line":206,"column":22},"end":{"line":206,"column":38}}],"line":206}},"s":{"0":1,"1":1,"2":1,"3":1,"4":2,"5":2,"6":2,"7":2,"8":2,"9":2,"10":1,"11":1,"12":1,"13":0,"14":0,"15":1,"16":0,"17":0,"18":0,"19":0,"20":0,"21":0,"22":0,"23":0,"24":0,"25":0,"26":0,"27":0,"28":1,"29":3,"30":3,"31":3,"32":2,"33":1,"34":1,"35":1,"36":1,"37":1,"38":2,"39":2,"40":2,"41":2,"42":2,"43":2,"44":0,"45":2,"46":2,"47":2,"48":1,"49":1,"50":0,"51":1,"52":1,"53":0,"54":0,"55":1,"56":2,"57":2,"58":2,"59":2,"60":2,"61":2,"62":0,"63":2,"64":2,"65":2,"66":1,"67":1,"68":1,"69":0,"70":0},"f":{"0":2,"1":0,"2":0,"3":3,"4":2,"5":2},"b":{"0":[1,1],"1":[0,0],"2":[1,1],"3":[0,2],"4":[1,1],"5":[2,2],"6":[0,1],"7":[1,1],"8":[0,2],"9":[1,1],"10":[2,2]},"_coverageSchema":"1a1c01bbd47fc00a2c39e90264f33305004495a9","hash":"9fb7a732cc44b06959d928b28b6c390560f8be14"}
,"/Users/walid/Documents/SQLApi/back/controllers/post.controller.js": {"path":"/Users/walid/Documents/SQLApi/back/controllers/post.controller.js","statementMap":{"0":{"start":{"line":1,"column":14},"end":{"line":1,"column":46}},"1":{"start":{"line":2,"column":13},"end":{"line":2,"column":45}},"2":{"start":{"line":4,"column":1},"end":{"line":36,"column":2}},"3":{"start":{"line":5,"column":2},"end":{"line":35,"column":3}},"4":{"start":{"line":6,"column":37},"end":{"line":6,"column":45}},"5":{"start":{"line":7,"column":23},"end":{"line":7,"column":54}},"6":{"start":{"line":10,"column":6},"end":{"line":12,"column":7}},"7":{"start":{"line":11,"column":10},"end":{"line":11,"column":113}},"8":{"start":{"line":14,"column":22},"end":{"line":14,"column":37}},"9":{"start":{"line":17,"column":6},"end":{"line":19,"column":7}},"10":{"start":{"line":18,"column":10},"end":{"line":18,"column":92}},"11":{"start":{"line":22,"column":19},"end":{"line":28,"column":8}},"12":{"start":{"line":31,"column":6},"end":{"line":31,"column":33}},"13":{"start":{"line":33,"column":6},"end":{"line":33,"column":67}},"14":{"start":{"line":34,"column":6},"end":{"line":34,"column":101}},"15":{"start":{"line":38,"column":0},"end":{"line":57,"column":2}},"16":{"start":{"line":39,"column":4},"end":{"line":56,"column":5}},"17":{"start":{"line":41,"column":22},"end":{"line":48,"column":10}},"18":{"start":{"line":49,"column":27},"end":{"line":49,"column":59}},"19":{"start":{"line":49,"column":45},"end":{"line":49,"column":58}},"20":{"start":{"line":52,"column":8},"end":{"line":52,"column":41}},"21":{"start":{"line":54,"column":8},"end":{"line":54,"column":74}},"22":{"start":{"line":55,"column":8},"end":{"line":55,"column":104}},"23":{"start":{"line":59,"column":0},"end":{"line":78,"column":2}},"24":{"start":{"line":60,"column":4},"end":{"line":77,"column":5}},"25":{"start":{"line":61,"column":21},"end":{"line":61,"column":34}},"26":{"start":{"line":62,"column":19},"end":{"line":62,"column":46}},"27":{"start":{"line":64,"column":6},"end":{"line":68,"column":7}},"28":{"start":{"line":65,"column":8},"end":{"line":67,"column":11}},"29":{"start":{"line":70,"column":6},"end":{"line":70,"column":40}},"30":{"start":{"line":72,"column":6},"end":{"line":72,"column":93}},"31":{"start":{"line":73,"column":6},"end":{"line":76,"column":9}},"32":{"start":{"line":80,"column":0},"end":{"line":112,"column":2}},"33":{"start":{"line":82,"column":4},"end":{"line":111,"column":5}},"34":{"start":{"line":83,"column":39},"end":{"line":83,"column":47}},"35":{"start":{"line":84,"column":25},"end":{"line":84,"column":56}},"36":{"start":{"line":87,"column":21},"end":{"line":87,"column":55}},"37":{"start":{"line":88,"column":8},"end":{"line":90,"column":9}},"38":{"start":{"line":89,"column":12},"end":{"line":89,"column":79}},"39":{"start":{"line":93,"column":8},"end":{"line":95,"column":9}},"40":{"start":{"line":94,"column":12},"end":{"line":94,"column":115}},"41":{"start":{"line":98,"column":8},"end":{"line":98,"column":41}},"42":{"start":{"line":99,"column":8},"end":{"line":99,"column":59}},"43":{"start":{"line":100,"column":8},"end":{"line":100,"column":44}},"44":{"start":{"line":105,"column":8},"end":{"line":105,"column":26}},"45":{"start":{"line":106,"column":8},"end":{"line":106,"column":87}},"46":{"start":{"line":109,"column":8},"end":{"line":109,"column":82}},"47":{"start":{"line":110,"column":8},"end":{"line":110,"column":116}},"48":{"start":{"line":114,"column":2},"end":{"line":129,"column":2}},"49":{"start":{"line":115,"column":4},"end":{"line":128,"column":5}},"50":{"start":{"line":116,"column":21},"end":{"line":116,"column":55}},"51":{"start":{"line":118,"column":8},"end":{"line":120,"column":9}},"52":{"start":{"line":119,"column":12},"end":{"line":119,"column":79}},"53":{"start":{"line":122,"column":8},"end":{"line":122,"column":29}},"54":{"start":{"line":123,"column":8},"end":{"line":123,"column":87}},"55":{"start":{"line":126,"column":8},"end":{"line":126,"column":82}},"56":{"start":{"line":127,"column":8},"end":{"line":127,"column":99}}},"fnMap":{"0":{"name":"(anonymous_0)","decl":{"start":{"line":4,"column":22},"end":{"line":4,"column":23}},"loc":{"start":{"line":4,"column":42},"end":{"line":36,"column":1}},"line":4},"1":{"name":"(anonymous_1)","decl":{"start":{"line":38,"column":22},"end":{"line":38,"column":23}},"loc":{"start":{"line":38,"column":42},"end":{"line":57,"column":1}},"line":38},"2":{"name":"(anonymous_2)","decl":{"start":{"line":49,"column":37},"end":{"line":49,"column":38}},"loc":{"start":{"line":49,"column":45},"end":{"line":49,"column":58}},"line":49},"3":{"name":"(anonymous_3)","decl":{"start":{"line":59,"column":22},"end":{"line":59,"column":23}},"loc":{"start":{"line":59,"column":42},"end":{"line":78,"column":1}},"line":59},"4":{"name":"(anonymous_4)","decl":{"start":{"line":80,"column":21},"end":{"line":80,"column":22}},"loc":{"start":{"line":80,"column":41},"end":{"line":112,"column":1}},"line":80},"5":{"name":"(anonymous_5)","decl":{"start":{"line":114,"column":23},"end":{"line":114,"column":24}},"loc":{"start":{"line":114,"column":49},"end":{"line":129,"column":1}},"line":114}},"branchMap":{"0":{"loc":{"start":{"line":7,"column":23},"end":{"line":7,"column":54}},"type":"cond-expr","locations":[{"start":{"line":7,"column":34},"end":{"line":7,"column":47}},{"start":{"line":7,"column":50},"end":{"line":7,"column":54}}],"line":7},"1":{"loc":{"start":{"line":10,"column":6},"end":{"line":12,"column":7}},"type":"if","locations":[{"start":{"line":10,"column":6},"end":{"line":12,"column":7}},{"start":{},"end":{}}],"line":10},"2":{"loc":{"start":{"line":10,"column":10},"end":{"line":10,"column":39}},"type":"binary-expr","locations":[{"start":{"line":10,"column":10},"end":{"line":10,"column":19}},{"start":{"line":10,"column":23},"end":{"line":10,"column":39}}],"line":10},"3":{"loc":{"start":{"line":17,"column":6},"end":{"line":19,"column":7}},"type":"if","locations":[{"start":{"line":17,"column":6},"end":{"line":19,"column":7}},{"start":{},"end":{}}],"line":17},"4":{"loc":{"start":{"line":17,"column":10},"end":{"line":17,"column":32}},"type":"binary-expr","locations":[{"start":{"line":17,"column":10},"end":{"line":17,"column":16}},{"start":{"line":17,"column":20},"end":{"line":17,"column":32}}],"line":17},"5":{"loc":{"start":{"line":64,"column":6},"end":{"line":68,"column":7}},"type":"if","locations":[{"start":{"line":64,"column":6},"end":{"line":68,"column":7}},{"start":{},"end":{}}],"line":64},"6":{"loc":{"start":{"line":84,"column":25},"end":{"line":84,"column":56}},"type":"cond-expr","locations":[{"start":{"line":84,"column":36},"end":{"line":84,"column":49}},{"start":{"line":84,"column":52},"end":{"line":84,"column":56}}],"line":84},"7":{"loc":{"start":{"line":88,"column":8},"end":{"line":90,"column":9}},"type":"if","locations":[{"start":{"line":88,"column":8},"end":{"line":90,"column":9}},{"start":{},"end":{}}],"line":88},"8":{"loc":{"start":{"line":93,"column":8},"end":{"line":95,"column":9}},"type":"if","locations":[{"start":{"line":93,"column":8},"end":{"line":95,"column":9}},{"start":{},"end":{}}],"line":93},"9":{"loc":{"start":{"line":93,"column":12},"end":{"line":93,"column":81}},"type":"binary-expr","locations":[{"start":{"line":93,"column":12},"end":{"line":93,"column":44}},{"start":{"line":93,"column":48},"end":{"line":93,"column":81}}],"line":93},"10":{"loc":{"start":{"line":98,"column":21},"end":{"line":98,"column":40}},"type":"binary-expr","locations":[{"start":{"line":98,"column":21},"end":{"line":98,"column":26}},{"start":{"line":98,"column":30},"end":{"line":98,"column":40}}],"line":98},"11":{"loc":{"start":{"line":99,"column":27},"end":{"line":99,"column":58}},"type":"binary-expr","locations":[{"start":{"line":99,"column":27},"end":{"line":99,"column":38}},{"start":{"line":99,"column":42},"end":{"line":99,"column":58}}],"line":99},"12":{"loc":{"start":{"line":100,"column":21},"end":{"line":100,"column":43}},"type":"binary-expr","locations":[{"start":{"line":100,"column":21},"end":{"line":100,"column":29}},{"start":{"line":100,"column":33},"end":{"line":100,"column":43}}],"line":100},"13":{"loc":{"start":{"line":118,"column":8},"end":{"line":120,"column":9}},"type":"if","locations":[{"start":{"line":118,"column":8},"end":{"line":120,"column":9}},{"start":{},"end":{}}],"line":118}},"s":{"0":1,"1":1,"2":1,"3":4,"4":4,"5":4,"6":4,"7":1,"8":3,"9":3,"10":1,"11":2,"12":1,"13":1,"14":1,"15":1,"16":2,"17":2,"18":1,"19":1,"20":1,"21":1,"22":1,"23":1,"24":3,"25":3,"26":3,"27":2,"28":1,"29":1,"30":1,"31":1,"32":1,"33":3,"34":3,"35":3,"36":3,"37":3,"38":1,"39":2,"40":1,"41":1,"42":1,"43":1,"44":1,"45":1,"46":0,"47":0,"48":1,"49":3,"50":3,"51":2,"52":1,"53":1,"54":1,"55":1,"56":1},"f":{"0":4,"1":2,"2":1,"3":3,"4":3,"5":3},"b":{"0":[1,3],"1":[1,3],"2":[4,3],"3":[1,2],"4":[3,3],"5":[1,1],"6":[0,3],"7":[1,2],"8":[1,1],"9":[2,1],"10":[1,0],"11":[1,0],"12":[1,1],"13":[1,1]},"_coverageSchema":"1a1c01bbd47fc00a2c39e90264f33305004495a9","hash":"a5c896fc0e1d8b7ff9edd99d6da84fcbda0b5a25"}
,"/Users/walid/Documents/SQLApi/back/controllers/user.controller.js": {"path":"/Users/walid/Documents/SQLApi/back/controllers/user.controller.js","statementMap":{"0":{"start":{"line":1,"column":15},"end":{"line":1,"column":41}},"1":{"start":{"line":3,"column":30},"end":{"line":3,"column":56}},"2":{"start":{"line":5,"column":22},"end":{"line":5,"column":48}},"3":{"start":{"line":6,"column":11},"end":{"line":6,"column":33}},"4":{"start":{"line":7,"column":15},"end":{"line":7,"column":34}},"5":{"start":{"line":8,"column":12},"end":{"line":8,"column":35}},"6":{"start":{"line":9,"column":21},"end":{"line":9,"column":43}},"7":{"start":{"line":12,"column":0},"end":{"line":23,"column":2}},"8":{"start":{"line":13,"column":19},"end":{"line":13,"column":32}},"9":{"start":{"line":14,"column":4},"end":{"line":22,"column":5}},"10":{"start":{"line":15,"column":29},"end":{"line":15,"column":79}},"11":{"start":{"line":16,"column":8},"end":{"line":18,"column":9}},"12":{"start":{"line":17,"column":12},"end":{"line":17,"column":79}},"13":{"start":{"line":19,"column":8},"end":{"line":19,"column":78}},"14":{"start":{"line":21,"column":8},"end":{"line":21,"column":55}},"15":{"start":{"line":25,"column":0},"end":{"line":82,"column":2}},"16":{"start":{"line":26,"column":4},"end":{"line":81,"column":5}},"17":{"start":{"line":28,"column":29},"end":{"line":28,"column":85}},"18":{"start":{"line":29,"column":8},"end":{"line":31,"column":9}},"19":{"start":{"line":30,"column":12},"end":{"line":30,"column":84}},"20":{"start":{"line":34,"column":23},"end":{"line":34,"column":40}},"21":{"start":{"line":35,"column":33},"end":{"line":35,"column":76}},"22":{"start":{"line":36,"column":8},"end":{"line":40,"column":9}},"23":{"start":{"line":38,"column":33},"end":{"line":38,"column":66}},"24":{"start":{"line":39,"column":12},"end":{"line":39,"column":53}},"25":{"start":{"line":43,"column":31},"end":{"line":43,"column":70}},"26":{"start":{"line":46,"column":21},"end":{"line":50,"column":10}},"27":{"start":{"line":52,"column":8},"end":{"line":52,"column":47}},"28":{"start":{"line":55,"column":8},"end":{"line":73,"column":9}},"29":{"start":{"line":56,"column":26},"end":{"line":62,"column":14}},"30":{"start":{"line":63,"column":12},"end":{"line":63,"column":39}},"31":{"start":{"line":64,"column":12},"end":{"line":64,"column":113}},"32":{"start":{"line":67,"column":32},"end":{"line":67,"column":84}},"33":{"start":{"line":68,"column":12},"end":{"line":70,"column":13}},"34":{"start":{"line":69,"column":16},"end":{"line":69,"column":93}},"35":{"start":{"line":71,"column":12},"end":{"line":71,"column":55}},"36":{"start":{"line":72,"column":12},"end":{"line":72,"column":109}},"37":{"start":{"line":75,"column":8},"end":{"line":80,"column":9}},"38":{"start":{"line":76,"column":12},"end":{"line":76,"column":77}},"39":{"start":{"line":78,"column":12},"end":{"line":78,"column":64}},"40":{"start":{"line":79,"column":12},"end":{"line":79,"column":96}},"41":{"start":{"line":84,"column":0},"end":{"line":111,"column":2}},"42":{"start":{"line":85,"column":4},"end":{"line":110,"column":5}},"43":{"start":{"line":86,"column":19},"end":{"line":89,"column":8}},"44":{"start":{"line":91,"column":6},"end":{"line":93,"column":7}},"45":{"start":{"line":92,"column":8},"end":{"line":92,"column":76}},"46":{"start":{"line":95,"column":28},"end":{"line":95,"column":82}},"47":{"start":{"line":96,"column":6},"end":{"line":98,"column":7}},"48":{"start":{"line":97,"column":8},"end":{"line":97,"column":76}},"49":{"start":{"line":100,"column":20},"end":{"line":104,"column":7}},"50":{"start":{"line":101,"column":62},"end":{"line":101,"column":76}},"51":{"start":{"line":106,"column":6},"end":{"line":106,"column":63}},"52":{"start":{"line":108,"column":6},"end":{"line":108,"column":44}},"53":{"start":{"line":109,"column":6},"end":{"line":109,"column":53}},"54":{"start":{"line":113,"column":0},"end":{"line":120,"column":2}},"55":{"start":{"line":114,"column":4},"end":{"line":119,"column":5}},"56":{"start":{"line":115,"column":22},"end":{"line":115,"column":42}},"57":{"start":{"line":116,"column":8},"end":{"line":116,"column":36}},"58":{"start":{"line":118,"column":8},"end":{"line":118,"column":55}},"59":{"start":{"line":122,"column":0},"end":{"line":169,"column":2}},"60":{"start":{"line":123,"column":19},"end":{"line":123,"column":32}},"61":{"start":{"line":125,"column":4},"end":{"line":168,"column":5}},"62":{"start":{"line":127,"column":21},"end":{"line":127,"column":48}},"63":{"start":{"line":128,"column":8},"end":{"line":130,"column":9}},"64":{"start":{"line":129,"column":12},"end":{"line":129,"column":79}},"65":{"start":{"line":133,"column":53},"end":{"line":133,"column":61}},"66":{"start":{"line":136,"column":8},"end":{"line":136,"column":47}},"67":{"start":{"line":136,"column":22},"end":{"line":136,"column":47}},"68":{"start":{"line":137,"column":8},"end":{"line":137,"column":38}},"69":{"start":{"line":137,"column":19},"end":{"line":137,"column":38}},"70":{"start":{"line":138,"column":8},"end":{"line":140,"column":9}},"71":{"start":{"line":139,"column":12},"end":{"line":139,"column":59}},"72":{"start":{"line":143,"column":8},"end":{"line":143,"column":26}},"73":{"start":{"line":146,"column":8},"end":{"line":162,"column":9}},"74":{"start":{"line":147,"column":34},"end":{"line":153,"column":14}},"75":{"start":{"line":156,"column":12},"end":{"line":158,"column":13}},"76":{"start":{"line":157,"column":16},"end":{"line":157,"column":91}},"77":{"start":{"line":161,"column":12},"end":{"line":161,"column":47}},"78":{"start":{"line":164,"column":8},"end":{"line":164,"column":86}},"79":{"start":{"line":166,"column":8},"end":{"line":166,"column":81}},"80":{"start":{"line":167,"column":8},"end":{"line":167,"column":55}},"81":{"start":{"line":171,"column":0},"end":{"line":182,"column":2}},"82":{"start":{"line":172,"column":19},"end":{"line":172,"column":32}},"83":{"start":{"line":173,"column":4},"end":{"line":181,"column":5}},"84":{"start":{"line":174,"column":21},"end":{"line":174,"column":48}},"85":{"start":{"line":175,"column":8},"end":{"line":177,"column":9}},"86":{"start":{"line":176,"column":12},"end":{"line":176,"column":79}},"87":{"start":{"line":178,"column":8},"end":{"line":178,"column":35}},"88":{"start":{"line":180,"column":8},"end":{"line":180,"column":55}}},"fnMap":{"0":{"name":"(anonymous_0)","decl":{"start":{"line":12,"column":21},"end":{"line":12,"column":22}},"loc":{"start":{"line":12,"column":41},"end":{"line":23,"column":1}},"line":12},"1":{"name":"(anonymous_1)","decl":{"start":{"line":25,"column":17},"end":{"line":25,"column":18}},"loc":{"start":{"line":25,"column":37},"end":{"line":82,"column":1}},"line":25},"2":{"name":"(anonymous_2)","decl":{"start":{"line":84,"column":16},"end":{"line":84,"column":17}},"loc":{"start":{"line":84,"column":36},"end":{"line":111,"column":1}},"line":84},"3":{"name":"(anonymous_3)","decl":{"start":{"line":101,"column":54},"end":{"line":101,"column":55}},"loc":{"start":{"line":101,"column":62},"end":{"line":101,"column":76}},"line":101},"4":{"name":"(anonymous_4)","decl":{"start":{"line":113,"column":22},"end":{"line":113,"column":23}},"loc":{"start":{"line":113,"column":42},"end":{"line":120,"column":1}},"line":113},"5":{"name":"(anonymous_5)","decl":{"start":{"line":122,"column":21},"end":{"line":122,"column":22}},"loc":{"start":{"line":122,"column":41},"end":{"line":169,"column":1}},"line":122},"6":{"name":"(anonymous_6)","decl":{"start":{"line":171,"column":22},"end":{"line":171,"column":23}},"loc":{"start":{"line":171,"column":42},"end":{"line":182,"column":1}},"line":171}},"branchMap":{"0":{"loc":{"start":{"line":16,"column":8},"end":{"line":18,"column":9}},"type":"if","locations":[{"start":{"line":16,"column":8},"end":{"line":18,"column":9}},{"start":{},"end":{}}],"line":16},"1":{"loc":{"start":{"line":29,"column":8},"end":{"line":31,"column":9}},"type":"if","locations":[{"start":{"line":29,"column":8},"end":{"line":31,"column":9}},{"start":{},"end":{}}],"line":29},"2":{"loc":{"start":{"line":36,"column":8},"end":{"line":40,"column":9}},"type":"if","locations":[{"start":{"line":36,"column":8},"end":{"line":40,"column":9}},{"start":{},"end":{}}],"line":36},"3":{"loc":{"start":{"line":55,"column":8},"end":{"line":73,"column":9}},"type":"if","locations":[{"start":{"line":55,"column":8},"end":{"line":73,"column":9}},{"start":{"line":65,"column":15},"end":{"line":73,"column":9}}],"line":55},"4":{"loc":{"start":{"line":68,"column":12},"end":{"line":70,"column":13}},"type":"if","locations":[{"start":{"line":68,"column":12},"end":{"line":70,"column":13}},{"start":{},"end":{}}],"line":68},"5":{"loc":{"start":{"line":75,"column":8},"end":{"line":80,"column":9}},"type":"if","locations":[{"start":{"line":75,"column":8},"end":{"line":80,"column":9}},{"start":{"line":77,"column":15},"end":{"line":80,"column":9}}],"line":75},"6":{"loc":{"start":{"line":91,"column":6},"end":{"line":93,"column":7}},"type":"if","locations":[{"start":{"line":91,"column":6},"end":{"line":93,"column":7}},{"start":{},"end":{}}],"line":91},"7":{"loc":{"start":{"line":96,"column":6},"end":{"line":98,"column":7}},"type":"if","locations":[{"start":{"line":96,"column":6},"end":{"line":98,"column":7}},{"start":{},"end":{}}],"line":96},"8":{"loc":{"start":{"line":128,"column":8},"end":{"line":130,"column":9}},"type":"if","locations":[{"start":{"line":128,"column":8},"end":{"line":130,"column":9}},{"start":{},"end":{}}],"line":128},"9":{"loc":{"start":{"line":136,"column":8},"end":{"line":136,"column":47}},"type":"if","locations":[{"start":{"line":136,"column":8},"end":{"line":136,"column":47}},{"start":{},"end":{}}],"line":136},"10":{"loc":{"start":{"line":137,"column":8},"end":{"line":137,"column":38}},"type":"if","locations":[{"start":{"line":137,"column":8},"end":{"line":137,"column":38}},{"start":{},"end":{}}],"line":137},"11":{"loc":{"start":{"line":138,"column":8},"end":{"line":140,"column":9}},"type":"if","locations":[{"start":{"line":138,"column":8},"end":{"line":140,"column":9}},{"start":{},"end":{}}],"line":138},"12":{"loc":{"start":{"line":146,"column":8},"end":{"line":162,"column":9}},"type":"if","locations":[{"start":{"line":146,"column":8},"end":{"line":162,"column":9}},{"start":{},"end":{}}],"line":146},"13":{"loc":{"start":{"line":146,"column":12},"end":{"line":146,"column":41}},"type":"binary-expr","locations":[{"start":{"line":146,"column":12},"end":{"line":146,"column":17}},{"start":{"line":146,"column":21},"end":{"line":146,"column":41}}],"line":146},"14":{"loc":{"start":{"line":156,"column":12},"end":{"line":158,"column":13}},"type":"if","locations":[{"start":{"line":156,"column":12},"end":{"line":158,"column":13}},{"start":{},"end":{}}],"line":156},"15":{"loc":{"start":{"line":175,"column":8},"end":{"line":177,"column":9}},"type":"if","locations":[{"start":{"line":175,"column":8},"end":{"line":177,"column":9}},{"start":{},"end":{}}],"line":175}},"s":{"0":1,"1":1,"2":1,"3":1,"4":1,"5":1,"6":1,"7":1,"8":3,"9":3,"10":3,"11":2,"12":1,"13":1,"14":1,"15":1,"16":1,"17":1,"18":1,"19":0,"20":1,"21":1,"22":1,"23":0,"24":0,"25":1,"26":1,"27":1,"28":1,"29":0,"30":0,"31":0,"32":1,"33":1,"34":0,"35":1,"36":1,"37":0,"38":0,"39":0,"40":0,"41":1,"42":2,"43":2,"44":2,"45":1,"46":1,"47":1,"48":0,"49":1,"50":1,"51":1,"52":0,"53":0,"54":1,"55":2,"56":2,"57":1,"58":1,"59":1,"60":3,"61":3,"62":3,"63":3,"64":1,"65":2,"66":2,"67":1,"68":2,"69":1,"70":2,"71":1,"72":2,"73":2,"74":0,"75":0,"76":0,"77":0,"78":2,"79":0,"80":0,"81":1,"82":3,"83":3,"84":3,"85":2,"86":1,"87":1,"88":1},"f":{"0":3,"1":1,"2":2,"3":1,"4":2,"5":3,"6":3},"b":{"0":[1,1],"1":[0,1],"2":[0,1],"3":[0,1],"4":[0,1],"5":[0,0],"6":[1,1],"7":[0,1],"8":[1,2],"9":[1,1],"10":[1,1],"11":[1,1],"12":[0,2],"13":[2,0],"14":[0,0],"15":[1,1]},"_coverageSchema":"1a1c01bbd47fc00a2c39e90264f33305004495a9","hash":"c1b72fc5377944fd6e10c4a33c580600431295ec"}
,"/Users/walid/Documents/SQLApi/back/models/comments.model.js": {"path":"/Users/walid/Documents/SQLApi/back/models/comments.model.js","statementMap":{"0":{"start":{"line":1,"column":22},"end":{"line":1,"column":42}},"1":{"start":{"line":2,"column":18},"end":{"line":2,"column":44}},"2":{"start":{"line":4,"column":17},"end":{"line":27,"column":2}},"3":{"start":{"line":29,"column":0},"end":{"line":29,"column":26}}},"fnMap":{},"branchMap":{},"s":{"0":1,"1":1,"2":1,"3":1},"f":{},"b":{},"_coverageSchema":"1a1c01bbd47fc00a2c39e90264f33305004495a9","hash":"e8772ce24db7962927287eee641397ac8a0d8e8c"}
,"/Users/walid/Documents/SQLApi/back/models/posts.model.js": {"path":"/Users/walid/Documents/SQLApi/back/models/posts.model.js","statementMap":{"0":{"start":{"line":1,"column":22},"end":{"line":1,"column":42}},"1":{"start":{"line":2,"column":19},"end":{"line":2,"column":45}},"2":{"start":{"line":6,"column":14},"end":{"line":37,"column":2}},"3":{"start":{"line":39,"column":0},"end":{"line":39,"column":23}}},"fnMap":{},"branchMap":{},"s":{"0":2,"1":2,"2":2,"3":2},"f":{},"b":{},"_coverageSchema":"1a1c01bbd47fc00a2c39e90264f33305004495a9","hash":"5b239d0672cfb2b72440c32aba0e8bbf8a75f158"}
,"/Users/walid/Documents/SQLApi/back/models/users.model.js": {"path":"/Users/walid/Documents/SQLApi/back/models/users.model.js","statementMap":{"0":{"start":{"line":3,"column":22},"end":{"line":3,"column":42}},"1":{"start":{"line":4,"column":18},"end":{"line":4,"column":44}},"2":{"start":{"line":7,"column":13},"end":{"line":33,"column":2}},"3":{"start":{"line":35,"column":0},"end":{"line":35,"column":22}}},"fnMap":{},"branchMap":{},"s":{"0":2,"1":2,"2":2,"3":2},"f":{},"b":{},"_coverageSchema":"1a1c01bbd47fc00a2c39e90264f33305004495a9","hash":"4dc8bccd6e4146b1b2d492ec98a729424b8d7947"}
}
