TN:
SF:configbdd/db.js
FNF:0
FNH:0
DA:2,6
DA:4,6
DA:7,6
DA:13,6
LF:4
LH:4
BRDA:10,0,0,6
BRDA:10,0,1,6
BRF:2
BRH:2
end_of_record
TN:
SF:controllers/comment.controller.js
FN:5,(anonymous_0)
FN:33,(anonymous_1)
FN:50,(anonymous_2)
FN:91,(anonymous_3)
FN:130,(anonymous_4)
FN:186,(anonymous_5)
FNF:6
FNH:4
FNDA:2,(anonymous_0)
FNDA:0,(anonymous_1)
FNDA:0,(anonymous_2)
FNDA:3,(anonymous_3)
FNDA:2,(anonymous_4)
FNDA:2,(anonymous_5)
DA:1,1
DA:2,1
DA:3,1
DA:5,1
DA:6,2
DA:7,2
DA:8,2
DA:9,2
DA:12,2
DA:13,2
DA:14,1
DA:18,1
DA:25,1
DA:28,0
DA:29,0
DA:33,1
DA:34,0
DA:36,0
DA:50,0
DA:52,0
DA:55,0
DA:56,0
DA:66,0
DA:76,0
DA:80,0
DA:83,0
DA:86,0
DA:87,0
DA:91,1
DA:93,3
DA:95,3
DA:97,3
DA:117,2
DA:118,1
DA:122,1
DA:125,1
DA:126,1
DA:130,1
DA:131,2
DA:132,2
DA:133,2
DA:134,2
DA:137,2
DA:143,2
DA:144,0
DA:148,2
DA:149,2
DA:151,2
DA:152,1
DA:158,1
DA:159,0
DA:165,1
DA:170,1
DA:179,0
DA:180,0
DA:186,1
DA:187,2
DA:188,2
DA:189,2
DA:190,2
DA:193,2
DA:198,2
DA:199,0
DA:203,2
DA:204,2
DA:206,2
DA:207,1
DA:212,1
DA:213,1
DA:216,0
DA:217,0
LF:71
LH:50
BRDA:13,0,0,1
BRDA:13,0,1,1
BRDA:55,1,0,0
BRDA:55,1,1,0
BRDA:117,2,0,1
BRDA:117,2,1,1
BRDA:143,3,0,0
BRDA:143,3,1,2
BRDA:151,4,0,1
BRDA:151,4,1,1
BRDA:151,5,0,2
BRDA:151,5,1,2
BRDA:158,6,0,0
BRDA:158,6,1,1
BRDA:158,7,0,1
BRDA:158,7,1,1
BRDA:198,8,0,0
BRDA:198,8,1,2
BRDA:206,9,0,1
BRDA:206,9,1,1
BRDA:206,10,0,2
BRDA:206,10,1,2
BRF:22
BRH:17
end_of_record
TN:
SF:controllers/post.controller.js
FN:4,(anonymous_0)
FN:38,(anonymous_1)
FN:49,(anonymous_2)
FN:59,(anonymous_3)
FN:80,(anonymous_4)
FN:114,(anonymous_5)
FNF:6
FNH:6
FNDA:4,(anonymous_0)
FNDA:2,(anonymous_1)
FNDA:1,(anonymous_2)
FNDA:3,(anonymous_3)
FNDA:3,(anonymous_4)
FNDA:3,(anonymous_5)
DA:1,1
DA:2,1
DA:4,1
DA:5,4
DA:6,4
DA:7,4
DA:10,4
DA:11,1
DA:14,3
DA:17,3
DA:18,1
DA:22,2
DA:31,1
DA:33,1
DA:34,1
DA:38,1
DA:39,2
DA:41,2
DA:49,1
DA:52,1
DA:54,1
DA:55,1
DA:59,1
DA:60,3
DA:61,3
DA:62,3
DA:64,2
DA:65,1
DA:70,1
DA:72,1
DA:73,1
DA:80,1
DA:82,3
DA:83,3
DA:84,3
DA:87,3
DA:88,3
DA:89,1
DA:93,2
DA:94,1
DA:98,1
DA:99,1
DA:100,1
DA:105,1
DA:106,1
DA:109,0
DA:110,0
DA:114,1
DA:115,3
DA:116,3
DA:118,2
DA:119,1
DA:122,1
DA:123,1
DA:126,1
DA:127,1
LF:56
LH:54
BRDA:7,0,0,1
BRDA:7,0,1,3
BRDA:10,1,0,1
BRDA:10,1,1,3
BRDA:10,2,0,4
BRDA:10,2,1,3
BRDA:17,3,0,1
BRDA:17,3,1,2
BRDA:17,4,0,3
BRDA:17,4,1,3
BRDA:64,5,0,1
BRDA:64,5,1,1
BRDA:84,6,0,0
BRDA:84,6,1,3
BRDA:88,7,0,1
BRDA:88,7,1,2
BRDA:93,8,0,1
BRDA:93,8,1,1
BRDA:93,9,0,2
BRDA:93,9,1,1
BRDA:98,10,0,1
BRDA:98,10,1,0
BRDA:99,11,0,1
BRDA:99,11,1,0
BRDA:100,12,0,1
BRDA:100,12,1,1
BRDA:118,13,0,1
BRDA:118,13,1,1
BRF:28
BRH:25
end_of_record
TN:
SF:controllers/user.controller.js
FN:12,(anonymous_0)
FN:25,(anonymous_1)
FN:84,(anonymous_2)
FN:101,(anonymous_3)
FN:113,(anonymous_4)
FN:122,(anonymous_5)
FN:171,(anonymous_6)
FNF:7
FNH:7
FNDA:3,(anonymous_0)
FNDA:1,(anonymous_1)
FNDA:2,(anonymous_2)
FNDA:1,(anonymous_3)
FNDA:2,(anonymous_4)
FNDA:3,(anonymous_5)
FNDA:3,(anonymous_6)
DA:1,1
DA:3,1
DA:5,1
DA:6,1
DA:7,1
DA:8,1
DA:9,1
DA:12,1
DA:13,3
DA:14,3
DA:15,3
DA:16,2
DA:17,1
DA:19,1
DA:21,1
DA:25,1
DA:26,1
DA:28,1
DA:29,1
DA:30,0
DA:34,1
DA:35,1
DA:36,1
DA:38,0
DA:39,0
DA:43,1
DA:46,1
DA:52,1
DA:55,1
DA:56,0
DA:63,0
DA:64,0
DA:67,1
DA:68,1
DA:69,0
DA:71,1
DA:72,1
DA:75,0
DA:76,0
DA:78,0
DA:79,0
DA:84,1
DA:85,2
DA:86,2
DA:91,2
DA:92,1
DA:95,1
DA:96,1
DA:97,0
DA:100,1
DA:101,1
DA:106,1
DA:108,0
DA:109,0
DA:113,1
DA:114,2
DA:115,2
DA:116,1
DA:118,1
DA:122,1
DA:123,3
DA:125,3
DA:127,3
DA:128,3
DA:129,1
DA:133,2
DA:136,2
DA:137,2
DA:138,2
DA:139,1
DA:143,2
DA:146,2
DA:147,0
DA:156,0
DA:157,0
DA:161,0
DA:164,2
DA:166,0
DA:167,0
DA:171,1
DA:172,3
DA:173,3
DA:174,3
DA:175,2
DA:176,1
DA:178,1
DA:180,1
LF:87
LH:67
BRDA:16,0,0,1
BRDA:16,0,1,1
BRDA:29,1,0,0
BRDA:29,1,1,1
BRDA:36,2,0,0
BRDA:36,2,1,1
BRDA:55,3,0,0
BRDA:55,3,1,1
BRDA:68,4,0,0
BRDA:68,4,1,1
BRDA:75,5,0,0
BRDA:75,5,1,0
BRDA:91,6,0,1
BRDA:91,6,1,1
BRDA:96,7,0,0
BRDA:96,7,1,1
BRDA:128,8,0,1
BRDA:128,8,1,2
BRDA:136,9,0,1
BRDA:136,9,1,1
BRDA:137,10,0,1
BRDA:137,10,1,1
BRDA:138,11,0,1
BRDA:138,11,1,1
BRDA:146,12,0,0
BRDA:146,12,1,2
BRDA:146,13,0,2
BRDA:146,13,1,0
BRDA:156,14,0,0
BRDA:156,14,1,0
BRDA:175,15,0,1
BRDA:175,15,1,1
BRF:32
BRH:21
end_of_record
TN:
SF:models/comments.model.js
FNF:0
FNH:0
DA:1,1
DA:2,1
DA:4,1
DA:29,1
LF:4
LH:4
BRF:0
BRH:0
end_of_record
TN:
SF:models/posts.model.js
FNF:0
FNH:0
DA:1,2
DA:2,2
DA:6,2
DA:39,2
LF:4
LH:4
BRF:0
BRH:0
end_of_record
TN:
SF:models/users.model.js
FNF:0
FNH:0
DA:3,2
DA:4,2
DA:7,2
DA:33,2
LF:4
LH:4
BRF:0
BRH:0
end_of_record
